<?xml version="1.0" encoding="UTF-8"?>
<!-- Generated by org.testng.reporters.JUnitReportReporter -->
<testsuite skipped="0" hostname="Akshay" name="test.ResistrationTest2" tests="2" failures="0" timestamp="2023-04-11T13:22:34 IST" time="8.890" errors="0">
  <testcase name="ResisterUser" time="3.393" classname="test.ResistrationTest2"/>
  <system-out/>
  <testcase name="ResisterUser" time="5.497" classname="test.ResistrationTest2"/>
  <system-out/>
</testsuite> <!-- test.ResistrationTest2 -->
