<?xml version="1.0" encoding="UTF-8"?>
<!-- Generated by org.testng.reporters.JUnitReportReporter -->
<testsuite skipped="0" hostname="Akshay" name="test.NewAccountTest" tests="1" failures="0" timestamp="2023-04-18T12:30:46 IST" time="3.230" errors="0">
  <testcase name="CreateNewSubAccount" time="3.230" classname="test.NewAccountTest"/>
  <system-out/>
</testsuite> <!-- test.NewAccountTest -->
