<?xml version="1.0" encoding="UTF-8"?>
<!-- Generated by org.testng.reporters.JUnitReportReporter -->
<testsuite skipped="0" hostname="Akshay" name="test.TestClass1" tests="1" failures="0" timestamp="20 Mar 2023 15:34:54 GMT" time="11.077" errors="0">
  <testcase name="login" time="11.077" classname="test.TestClass1"/>
</testsuite> <!-- test.TestClass1 -->
