<?xml version="1.0" encoding="UTF-8"?>
<!-- Generated by org.testng.reporters.JUnitReportReporter -->
<testsuite skipped="0" hostname="Akshay" name="test.ResistrationTest" tests="1" failures="0" timestamp="2023-04-01T18:32:01 IST" time="5.317" errors="0">
  <testcase name="ResisterUser" time="5.317" classname="test.ResistrationTest"/>
  <system-out/>
</testsuite> <!-- test.ResistrationTest -->
